<?xml version="1.0" encoding="UTF-8"?>
<testsuite name="jp.co.internous.sampleweb.SamplewebApplicationTests" tests="1" skipped="0" failures="0" errors="0" timestamp="2020-11-28T06:29:08" hostname="hiragasaitonoMacBook-Pro.local" time="0.15">
  <properties/>
  <testcase name="contextLoads()" classname="jp.co.internous.sampleweb.SamplewebApplicationTests" time="0.15"/>
  <system-out><![CDATA[15:29:05.705 [Test worker] DEBUG org.springframework.test.context.BootstrapUtils - Instantiating CacheAwareContextLoaderDelegate from class [org.springframework.test.context.cache.DefaultCacheAwareContextLoaderDelegate]
15:29:05.721 [Test worker] DEBUG org.springframework.test.context.BootstrapUtils - Instantiating BootstrapContext using constructor [public org.springframework.test.context.support.DefaultBootstrapContext(java.lang.Class,org.springframework.test.context.CacheAwareContextLoaderDelegate)]
15:29:05.748 [Test worker] DEBUG org.springframework.test.context.BootstrapUtils - Instantiating TestContextBootstrapper for test class [jp.co.internous.sampleweb.SamplewebApplicationTests] from class [org.springframework.boot.test.context.SpringBootTestContextBootstrapper]
15:29:05.763 [Test worker] INFO org.springframework.boot.test.context.SpringBootTestContextBootstrapper - Neither @ContextConfiguration nor @ContextHierarchy found for test class [jp.co.internous.sampleweb.SamplewebApplicationTests], using SpringBootContextLoader
15:29:05.766 [Test worker] DEBUG org.springframework.test.context.support.AbstractContextLoader - Did not detect default resource location for test class [jp.co.internous.sampleweb.SamplewebApplicationTests]: class path resource [jp/co/internous/sampleweb/SamplewebApplicationTests-context.xml] does not exist
15:29:05.767 [Test worker] DEBUG org.springframework.test.context.support.AbstractContextLoader - Did not detect default resource location for test class [jp.co.internous.sampleweb.SamplewebApplicationTests]: class path resource [jp/co/internous/sampleweb/SamplewebApplicationTestsContext.groovy] does not exist
15:29:05.767 [Test worker] INFO org.springframework.test.context.support.AbstractContextLoader - Could not detect default resource locations for test class [jp.co.internous.sampleweb.SamplewebApplicationTests]: no resource found for suffixes {-context.xml, Context.groovy}.
15:29:05.768 [Test worker] INFO org.springframework.test.context.support.AnnotationConfigContextLoaderUtils - Could not detect default configuration classes for test class [jp.co.internous.sampleweb.SamplewebApplicationTests]: SamplewebApplicationTests does not declare any static, non-private, non-final, nested classes annotated with @Configuration.
15:29:05.800 [Test worker] DEBUG org.springframework.test.context.support.ActiveProfilesUtils - Could not find an 'annotation declaring class' for annotation type [org.springframework.test.context.ActiveProfiles] and class [jp.co.internous.sampleweb.SamplewebApplicationTests]
15:29:05.872 [Test worker] DEBUG org.springframework.context.annotation.ClassPathScanningCandidateComponentProvider - Identified candidate component class: file [/Users/hiragasaito/Desktop/workspace/workspace-hirano/-Individual-site/sampleweb/build/classes/java/main/jp/co/internous/sampleweb/SamplewebApplication.class]
15:29:05.873 [Test worker] INFO org.springframework.boot.test.context.SpringBootTestContextBootstrapper - Found @SpringBootConfiguration jp.co.internous.sampleweb.SamplewebApplication for test class jp.co.internous.sampleweb.SamplewebApplicationTests
15:29:05.953 [Test worker] DEBUG org.springframework.boot.test.context.SpringBootTestContextBootstrapper - @TestExecutionListeners is not present for class [jp.co.internous.sampleweb.SamplewebApplicationTests]: using defaults.
15:29:05.953 [Test worker] INFO org.springframework.boot.test.context.SpringBootTestContextBootstrapper - Loaded default TestExecutionListener class names from location [META-INF/spring.factories]: [org.springframework.boot.test.autoconfigure.restdocs.RestDocsTestExecutionListener, org.springframework.boot.test.autoconfigure.web.client.MockRestServiceServerResetTestExecutionListener, org.springframework.boot.test.autoconfigure.web.servlet.MockMvcPrintOnlyOnFailureTestExecutionListener, org.springframework.boot.test.autoconfigure.web.servlet.WebDriverTestExecutionListener, org.springframework.boot.test.mock.mockito.MockitoTestExecutionListener, org.springframework.boot.test.mock.mockito.ResetMocksTestExecutionListener, org.springframework.test.context.web.ServletTestExecutionListener, org.springframework.test.context.support.DirtiesContextBeforeModesTestExecutionListener, org.springframework.test.context.support.DependencyInjectionTestExecutionListener, org.springframework.test.context.support.DirtiesContextTestExecutionListener, org.springframework.test.context.transaction.TransactionalTestExecutionListener, org.springframework.test.context.jdbc.SqlScriptsTestExecutionListener, org.springframework.test.context.event.EventPublishingTestExecutionListener]
15:29:05.967 [Test worker] INFO org.springframework.boot.test.context.SpringBootTestContextBootstrapper - Using TestExecutionListeners: [org.springframework.test.context.web.ServletTestExecutionListener@5d57aa9d, org.springframework.test.context.support.DirtiesContextBeforeModesTestExecutionListener@772df678, org.springframework.boot.test.mock.mockito.MockitoTestExecutionListener@117e9bfa, org.springframework.boot.test.autoconfigure.SpringBootDependencyInjectionTestExecutionListener@47016b40, org.springframework.test.context.support.DirtiesContextTestExecutionListener@27e2327f, org.springframework.test.context.transaction.TransactionalTestExecutionListener@3f649ecd, org.springframework.test.context.jdbc.SqlScriptsTestExecutionListener@5a207390, org.springframework.test.context.event.EventPublishingTestExecutionListener@16b758ff, org.springframework.boot.test.autoconfigure.restdocs.RestDocsTestExecutionListener@20f0e19c, org.springframework.boot.test.autoconfigure.web.client.MockRestServiceServerResetTestExecutionListener@3b7981b9, org.springframework.boot.test.autoconfigure.web.servlet.MockMvcPrintOnlyOnFailureTestExecutionListener@621cc9b5, org.springframework.boot.test.autoconfigure.web.servlet.WebDriverTestExecutionListener@4ec005a9, org.springframework.boot.test.mock.mockito.ResetMocksTestExecutionListener@699bf1ec]
15:29:05.970 [Test worker] DEBUG org.springframework.test.context.support.AbstractDirtiesContextTestExecutionListener - Before test class: context [DefaultTestContext@4bc4d14b testClass = SamplewebApplicationTests, testInstance = [null], testMethod = [null], testException = [null], mergedContextConfiguration = [WebMergedContextConfiguration@471f071b testClass = SamplewebApplicationTests, locations = '{}', classes = '{class jp.co.internous.sampleweb.SamplewebApplication}', contextInitializerClasses = '[]', activeProfiles = '{}', propertySourceLocations = '{}', propertySourceProperties = '{org.springframework.boot.test.context.SpringBootTestContextBootstrapper=true}', contextCustomizers = set[org.springframework.boot.test.autoconfigure.properties.PropertyMappingContextCustomizer@0, org.springframework.boot.test.autoconfigure.web.servlet.WebDriverContextCustomizerFactory$Customizer@70da6b46, org.springframework.boot.test.context.filter.ExcludeFilterContextCustomizer@6ab81f26, org.springframework.boot.test.json.DuplicateJsonObjectContextCustomizerFactory$DuplicateJsonObjectContextCustomizer@785f0a24, org.springframework.boot.test.mock.mockito.MockitoContextCustomizer@0, org.springframework.boot.test.web.client.TestRestTemplateContextCustomizer@2040aa31], resourceBasePath = 'src/main/webapp', contextLoader = 'org.springframework.boot.test.context.SpringBootContextLoader', parent = [null]], attributes = map['org.springframework.test.context.web.ServletTestExecutionListener.activateListener' -> true]], class annotated with @DirtiesContext [false] with mode [null].
15:29:05.992 [Test worker] DEBUG org.springframework.test.context.support.TestPropertySourceUtils - Adding inlined properties to environment: {spring.jmx.enabled=false, org.springframework.boot.test.context.SpringBootTestContextBootstrapper=true, server.port=-1}

  .   ____          _            __ _ _
 /\\ / ___'_ __ _ _(_)_ __  __ _ \ \ \ \
( ( )\___ | '_ | '_| | '_ \/ _` | \ \ \ \
 \\/  ___)| |_)| | | | | || (_| |  ) ) ) )
  '  |____| .__|_| |_|_| |_\__, | / / / /
 =========|_|==============|___/=/_/_/_/
 :: Spring Boot ::        (v2.2.0.RELEASE)

2020-11-28 15:29:06.373  INFO 88587 --- [    Test worker] j.c.i.s.SamplewebApplicationTests        : Starting SamplewebApplicationTests on hiragasaitonoMacBook-Pro.local with PID 88587 (started by hiragasaito in /Users/hiragasaito/Desktop/workspace/workspace-hirano/-Individual-site/sampleweb)
2020-11-28 15:29:06.374  INFO 88587 --- [    Test worker] j.c.i.s.SamplewebApplicationTests        : No active profile set, falling back to default profiles: default
2020-11-28 15:29:08.113  INFO 88587 --- [    Test worker] j.c.i.s.SamplewebApplicationTests        : Started SamplewebApplicationTests in 2.113 seconds (JVM running for 3.085)
]]></system-out>
  <system-err><![CDATA[]]></system-err>
</testsuite>
